<?xml version="1.0" encoding="UTF-8"?>
<testng-results ignored="0" total="2" passed="2" failed="0" skipped="0">
  <reporter-output>
  </reporter-output>
  <suite started-at="2020-09-17T20:16:27 IST" name="Suite" finished-at="2020-09-17T20:16:52 IST" duration-ms="24657">
    <groups>
    </groups>
    <test started-at="2020-09-17T20:16:27 IST" name="Test" finished-at="2020-09-17T20:16:52 IST" duration-ms="24657">
      <class name="IDBC.Frames.HomePage">
        <test-method is-config="true" signature="openBrowser()[pri:0, instance:IDBC.Frames.HomePage@65d6b83b]" started-at="2020-09-17T20:16:27 IST" name="openBrowser" finished-at="2020-09-17T20:16:31 IST" duration-ms="4135" status="PASS">
          <reporter-output>
          </reporter-output>
        </test-method> <!-- openBrowser -->
        <test-method signature="basePageNavigation()[pri:0, instance:IDBC.Frames.HomePage@65d6b83b]" started-at="2020-09-17T20:16:31 IST" name="basePageNavigation" finished-at="2020-09-17T20:16:34 IST" duration-ms="2594" status="PASS">
          <reporter-output>
          </reporter-output>
        </test-method> <!-- basePageNavigation -->
        <test-method is-config="true" signature="closeBrowser()[pri:0, instance:IDBC.Frames.HomePage@65d6b83b]" started-at="2020-09-17T20:16:34 IST" name="closeBrowser" finished-at="2020-09-17T20:16:34 IST" duration-ms="688" status="PASS">
          <reporter-output>
          </reporter-output>
        </test-method> <!-- closeBrowser -->
      </class> <!-- IDBC.Frames.HomePage -->
      <class name="IDBC.Frames.Register">
        <test-method is-config="true" signature="openBrowser()[pri:0, instance:IDBC.Frames.Register@d706f19]" started-at="2020-09-17T20:16:34 IST" name="openBrowser" finished-at="2020-09-17T20:16:38 IST" duration-ms="3398" status="PASS">
          <reporter-output>
          </reporter-output>
        </test-method> <!-- openBrowser -->
        <test-method signature="registerAccount()[pri:0, instance:IDBC.Frames.Register@d706f19]" started-at="2020-09-17T20:16:38 IST" name="registerAccount" finished-at="2020-09-17T20:16:51 IST" duration-ms="13022" status="PASS">
          <reporter-output>
          </reporter-output>
        </test-method> <!-- registerAccount -->
        <test-method is-config="true" signature="closeBrowser()[pri:0, instance:IDBC.Frames.Register@d706f19]" started-at="2020-09-17T20:16:51 IST" name="closeBrowser" finished-at="2020-09-17T20:16:52 IST" duration-ms="749" status="PASS">
          <reporter-output>
          </reporter-output>
        </test-method> <!-- closeBrowser -->
      </class> <!-- IDBC.Frames.Register -->
    </test> <!-- Test -->
  </suite> <!-- Suite -->
</testng-results>
